<?xml version="1.0" encoding="UTF-8"?>
<!-- Generated by org.testng.reporters.JUnitReportReporter -->
<testsuite hostname="Johny-HP" failures="0" tests="2" name="Runner.TestRunner" time="100.437" errors="0" timestamp="22 Apr 2020 10:33:27 GMT" skipped="0">
  <testcase classname="Runner.TestRunner" name="feature" time="58.160"/>
  <testcase classname="Runner.TestRunner" name="feature" time="42.277"/>
</testsuite> <!-- Runner.TestRunner -->
