<?xml version="1.0" encoding="UTF-8"?>
<!-- Generated by org.testng.reporters.JUnitReportReporter -->
<testsuite hostname="Johny-HP" failures="0" tests="2" name="Runner.TestRunner" time="102.667" errors="0" timestamp="04 Apr 2020 08:12:33 GMT" skipped="0">
  <testcase classname="Runner.TestRunner" name="feature" time="59.148"/>
  <testcase classname="Runner.TestRunner" name="feature" time="43.519"/>
</testsuite> <!-- Runner.TestRunner -->
