<?xml version="1.0" encoding="UTF-8"?>
<!-- Generated by org.testng.reporters.JUnitReportReporter -->
<testsuite hostname="Johny-HP" failures="0" tests="2" name="Runner.TestRunner" time="115.578" errors="0" timestamp="24 Apr 2020 05:48:20 GMT" skipped="0">
  <testcase classname="Runner.TestRunner" name="feature" time="65.033"/>
  <testcase classname="Runner.TestRunner" name="feature" time="50.545"/>
</testsuite> <!-- Runner.TestRunner -->
