<?xml version="1.0" encoding="UTF-8"?>
<!-- Generated by org.testng.reporters.JUnitReportReporter -->
<testsuite hostname="Johny-HP" failures="0" tests="2" name="Runner.TestRunner" time="79.166" errors="0" timestamp="06 Jun 2020 06:05:14 GMT" skipped="0">
  <testcase classname="Runner.TestRunner" name="feature" time="44.751"/>
  <testcase classname="Runner.TestRunner" name="feature" time="34.415"/>
</testsuite> <!-- Runner.TestRunner -->
