<?xml version="1.0" encoding="UTF-8"?>
<!-- Generated by org.testng.reporters.JUnitReportReporter -->
<testsuite hostname="Johny-HP" failures="0" tests="2" name="Runner.TestRunner" time="107.743" errors="0" timestamp="21 Apr 2020 09:08:38 GMT" skipped="0">
  <testcase classname="Runner.TestRunner" name="feature" time="56.593"/>
  <testcase classname="Runner.TestRunner" name="feature" time="51.150"/>
</testsuite> <!-- Runner.TestRunner -->
